Start testing: Jun 06 14:42 -05
----------------------------------------------------------
1/1 Testing: freefall
1/1 Test: freefall
Command: "/home/marcos/Escritorio/CG/PhyEngine/build/test_freefall"
Directory: /home/marcos/Escritorio/CG/PhyEngine/build
"freefall" start time: Jun 06 14:42 -05
Output:
----------------------------------------------------------
Time: 0.1s, Position: (1, 99.9019), Velocity: (10, -0.981)
Time: 0.2s, Position: (2, 99.7057), Velocity: (10, -1.962)
Time: 0.3s, Position: (3, 99.4114), Velocity: (10, -2.943)
Time: 0.4s, Position: (4, 99.019), Velocity: (10, -3.924)

Analytical Solution:
Expected Position after 0.4s: (4, 21.52)
Error in Y position: 77.499
<end of output>
Test time =   0.00 sec
----------------------------------------------------------
Test Passed.
"freefall" end time: Jun 06 14:42 -05
"freefall" time elapsed: 00:00:00
----------------------------------------------------------

End testing: Jun 06 14:42 -05
